<?xml version="1.0" encoding="UTF-8"?>
<testng-results ignored="0" total="2" passed="2" failed="0" skipped="0">
  <reporter-output>
  </reporter-output>
  <suite started-at="2022-01-19T21:58:48 IST" name="Default suite" finished-at="2022-01-19T22:00:38 IST" duration-ms="110006">
    <groups>
    </groups>
    <test started-at="2022-01-19T21:58:48 IST" name="Default test" finished-at="2022-01-19T22:00:38 IST" duration-ms="110006">
      <class name="tpack1.LoginPageTest">
        <test-method is-config="true" signature="setUp()[pri:0, instance:tpack1.LoginPageTest@44821a96]" started-at="2022-01-19T21:58:48 IST" name="setUp" finished-at="2022-01-19T21:59:58 IST" duration-ms="70524" status="PASS">
          <reporter-output>
          </reporter-output>
        </test-method> <!-- setUp -->
        <test-method signature="TitleTest()[pri:1, instance:tpack1.LoginPageTest@44821a96]" started-at="2022-01-19T21:59:58 IST" name="TitleTest" finished-at="2022-01-19T21:59:59 IST" duration-ms="555" status="PASS">
          <reporter-output>
          </reporter-output>
        </test-method> <!-- TitleTest -->
        <test-method is-config="true" signature="tearDown()[pri:0, instance:tpack1.LoginPageTest@44821a96]" started-at="2022-01-19T21:59:59 IST" name="tearDown" finished-at="2022-01-19T22:00:01 IST" duration-ms="2121" status="PASS">
          <reporter-output>
          </reporter-output>
        </test-method> <!-- tearDown -->
        <test-method is-config="true" signature="setUp()[pri:0, instance:tpack1.LoginPageTest@44821a96]" started-at="2022-01-19T22:00:01 IST" name="setUp" finished-at="2022-01-19T22:00:34 IST" duration-ms="33304" status="PASS">
          <reporter-output>
          </reporter-output>
        </test-method> <!-- setUp -->
        <test-method signature="loginTest()[pri:2, instance:tpack1.LoginPageTest@44821a96]" started-at="2022-01-19T22:00:34 IST" name="loginTest" finished-at="2022-01-19T22:00:35 IST" duration-ms="941" status="PASS">
          <reporter-output>
          </reporter-output>
        </test-method> <!-- loginTest -->
        <test-method is-config="true" signature="tearDown()[pri:0, instance:tpack1.LoginPageTest@44821a96]" started-at="2022-01-19T22:00:35 IST" name="tearDown" finished-at="2022-01-19T22:00:38 IST" duration-ms="2453" status="PASS">
          <reporter-output>
          </reporter-output>
        </test-method> <!-- tearDown -->
      </class> <!-- tpack1.LoginPageTest -->
    </test> <!-- Default test -->
  </suite> <!-- Default suite -->
</testng-results>
